2025-03-05 01:27:53,022 - werkzeug - WARNING -  * Debugger is active!
2025-03-05 01:27:53,032 - werkzeug - INFO -  * Debugger PIN: 752-258-082
2025-03-05 01:28:03,145 - werkzeug - INFO -  * Detected change in 'F:\\PythonII\\Dating\\app.py', reloading
2025-03-05 01:28:04,384 - __main__ - INFO - Administrator account already exists
2025-03-05 01:28:04,408 - werkzeug - WARNING -  * Debugger is active!
2025-03-05 01:28:04,423 - werkzeug - INFO -  * Debugger PIN: 752-258-082
2025-03-05 01:28:09,491 - werkzeug - INFO -  * Detected change in 'F:\\PythonII\\Dating\\app.py', reloading
2025-03-05 01:28:10,517 - __main__ - INFO - Initializing database tables...
2025-03-05 01:28:10,544 - __main__ - INFO - Administrator account already exists
2025-03-05 01:28:10,545 - __main__ - INFO - Database tables initialized successfully
2025-03-05 01:28:10,545 - __main__ - INFO - Starting Flask application...
2025-03-05 01:28:10,567 - werkzeug - WARNING -  * Debugger is active!
2025-03-05 01:28:10,585 - werkzeug - INFO -  * Debugger PIN: 752-258-082
2025-03-05 01:28:14,345 - __main__ - INFO - Initializing database tables...
2025-03-05 01:28:14,364 - __main__ - INFO - Administrator account already exists
2025-03-05 01:28:14,364 - __main__ - INFO - Database tables initialized successfully
2025-03-05 01:28:14,364 - __main__ - INFO - Starting Flask application...
2025-03-05 01:28:14,396 - werkzeug - INFO - [31m[1mWARNING: This is a development server. Do not use it in a production deployment. Use a production WSGI server instead.[0m
 * Running on http://127.0.0.1:5000
2025-03-05 01:28:14,396 - werkzeug - INFO - [33mPress CTRL+C to quit[0m
2025-03-05 01:28:14,405 - werkzeug - INFO -  * Restarting with stat
2025-03-05 01:28:15,337 - __main__ - INFO - Initializing database tables...
2025-03-05 01:28:15,360 - __main__ - INFO - Administrator account already exists
2025-03-05 01:28:15,360 - __main__ - INFO - Database tables initialized successfully
2025-03-05 01:28:15,362 - __main__ - INFO - Starting Flask application...
2025-03-05 01:28:15,380 - werkzeug - WARNING -  * Debugger is active!
2025-03-05 01:28:15,387 - werkzeug - INFO -  * Debugger PIN: 752-258-082
2025-03-05 01:28:48,906 - werkzeug - INFO -  * Detected change in 'F:\\PythonII\\Dating\\app.py', reloading
2025-03-05 01:28:49,679 - werkzeug - INFO -  * Detected change in 'F:\\PythonII\\Dating\\app.py', reloading
2025-03-05 01:28:49,797 - werkzeug - INFO -  * Restarting with stat
2025-03-05 01:28:58,218 - werkzeug - INFO -  * Restarting with stat
2025-03-05 01:29:08,406 - werkzeug - INFO -  * Restarting with stat
